1720974130.019455 client started (171023): version 3.4, socket /tmp/tmux-1000/default, protocol 8
1720974130.019472 on Linux 6.9.8-200.fc40.x86_64 #1 SMP PREEMPT_DYNAMIC Fri Jul  5 16:20:11 UTC 2024
1720974130.019478 using libevent 2.1.12-stable poll
1720974130.019480 using ncurses 6.4 20240127
1720974130.019489 flags are 0x10010000
1720974130.019496 socket is /tmp/tmux-1000/default
1720974130.019509 trying connect
1720974130.019546 add peer 0x55b8d8d6b130: 6 ((nil))
1720974130.019728 sending message 100 to peer 0x55b8d8d6b130 (4 bytes)
1720974130.019733 sending message 111 to peer 0x55b8d8d6b130 (8 bytes)
1720974130.019736 sending message 101 to peer 0x55b8d8d6b130 (14 bytes)
1720974130.019739 sending message 109 to peer 0x55b8d8d6b130 (4 bytes)
1720974130.019741 sending message 102 to peer 0x55b8d8d6b130 (11 bytes)
1720974130.019744 sending message 108 to peer 0x55b8d8d6b130 (25 bytes)
1720974130.019746 sending message 112 to peer 0x55b8d8d6b130 (70 bytes)
1720974130.019749 sending message 112 to peer 0x55b8d8d6b130 (5 bytes)
1720974130.019751 sending message 112 to peer 0x55b8d8d6b130 (5 bytes)
1720974130.019753 sending message 112 to peer 0x55b8d8d6b130 (6 bytes)
1720974130.019756 sending message 112 to peer 0x55b8d8d6b130 (6 bytes)
1720974130.019758 sending message 112 to peer 0x55b8d8d6b130 (11 bytes)
1720974130.019761 sending message 112 to peer 0x55b8d8d6b130 (10 bytes)
1720974130.019763 sending message 112 to peer 0x55b8d8d6b130 (13 bytes)
1720974130.019765 sending message 112 to peer 0x55b8d8d6b130 (13 bytes)
1720974130.019768 sending message 112 to peer 0x55b8d8d6b130 (18 bytes)
1720974130.019770 sending message 112 to peer 0x55b8d8d6b130 (11 bytes)
1720974130.019773 sending message 112 to peer 0x55b8d8d6b130 (10 bytes)
1720974130.019775 sending message 112 to peer 0x55b8d8d6b130 (15 bytes)
1720974130.019777 sending message 112 to peer 0x55b8d8d6b130 (21 bytes)
1720974130.019780 sending message 112 to peer 0x55b8d8d6b130 (13 bytes)
1720974130.019782 sending message 112 to peer 0x55b8d8d6b130 (7 bytes)
1720974130.019784 sending message 112 to peer 0x55b8d8d6b130 (13 bytes)
1720974130.019787 sending message 112 to peer 0x55b8d8d6b130 (7 bytes)
1720974130.019789 sending message 112 to peer 0x55b8d8d6b130 (13 bytes)
1720974130.019791 sending message 112 to peer 0x55b8d8d6b130 (9 bytes)
1720974130.019794 sending message 112 to peer 0x55b8d8d6b130 (21 bytes)
1720974130.019796 sending message 112 to peer 0x55b8d8d6b130 (13 bytes)
1720974130.019798 sending message 112 to peer 0x55b8d8d6b130 (8 bytes)
1720974130.019806 sending message 112 to peer 0x55b8d8d6b130 (12 bytes)
1720974130.019808 sending message 112 to peer 0x55b8d8d6b130 (13 bytes)
1720974130.019810 sending message 112 to peer 0x55b8d8d6b130 (9 bytes)
1720974130.019813 sending message 112 to peer 0x55b8d8d6b130 (9 bytes)
1720974130.019815 sending message 112 to peer 0x55b8d8d6b130 (12 bytes)
1720974130.019818 sending message 112 to peer 0x55b8d8d6b130 (8 bytes)
1720974130.019820 sending message 112 to peer 0x55b8d8d6b130 (8 bytes)
1720974130.019822 sending message 112 to peer 0x55b8d8d6b130 (7 bytes)
1720974130.019825 sending message 112 to peer 0x55b8d8d6b130 (7 bytes)
1720974130.019827 sending message 112 to peer 0x55b8d8d6b130 (9 bytes)
1720974130.019829 sending message 112 to peer 0x55b8d8d6b130 (13 bytes)
1720974130.019832 sending message 112 to peer 0x55b8d8d6b130 (6 bytes)
1720974130.019834 sending message 112 to peer 0x55b8d8d6b130 (9 bytes)
1720974130.019837 sending message 112 to peer 0x55b8d8d6b130 (15 bytes)
1720974130.019839 sending message 112 to peer 0x55b8d8d6b130 (13 bytes)
1720974130.019841 sending message 112 to peer 0x55b8d8d6b130 (12 bytes)
1720974130.019844 sending message 112 to peer 0x55b8d8d6b130 (8 bytes)
1720974130.019846 sending message 112 to peer 0x55b8d8d6b130 (14 bytes)
1720974130.019848 sending message 112 to peer 0x55b8d8d6b130 (11 bytes)
1720974130.019851 sending message 112 to peer 0x55b8d8d6b130 (9 bytes)
1720974130.019853 sending message 112 to peer 0x55b8d8d6b130 (10 bytes)
1720974130.019855 sending message 112 to peer 0x55b8d8d6b130 (10 bytes)
1720974130.019864 sending message 112 to peer 0x55b8d8d6b130 (10 bytes)
1720974130.019867 sending message 112 to peer 0x55b8d8d6b130 (10 bytes)
1720974130.019869 sending message 112 to peer 0x55b8d8d6b130 (11 bytes)
1720974130.019872 sending message 112 to peer 0x55b8d8d6b130 (12 bytes)
1720974130.019874 sending message 112 to peer 0x55b8d8d6b130 (12 bytes)
1720974130.019876 sending message 112 to peer 0x55b8d8d6b130 (12 bytes)
1720974130.019879 sending message 112 to peer 0x55b8d8d6b130 (12 bytes)
1720974130.019881 sending message 112 to peer 0x55b8d8d6b130 (12 bytes)
1720974130.019884 sending message 112 to peer 0x55b8d8d6b130 (11 bytes)
1720974130.019886 sending message 112 to peer 0x55b8d8d6b130 (11 bytes)
1720974130.019889 sending message 112 to peer 0x55b8d8d6b130 (12 bytes)
1720974130.019891 sending message 112 to peer 0x55b8d8d6b130 (12 bytes)
1720974130.019893 sending message 112 to peer 0x55b8d8d6b130 (12 bytes)
1720974130.019896 sending message 112 to peer 0x55b8d8d6b130 (12 bytes)
1720974130.019898 sending message 112 to peer 0x55b8d8d6b130 (12 bytes)
1720974130.019901 sending message 112 to peer 0x55b8d8d6b130 (10 bytes)
1720974130.019903 sending message 112 to peer 0x55b8d8d6b130 (12 bytes)
1720974130.019905 sending message 112 to peer 0x55b8d8d6b130 (13 bytes)
1720974130.019908 sending message 112 to peer 0x55b8d8d6b130 (13 bytes)
1720974130.019910 sending message 112 to peer 0x55b8d8d6b130 (13 bytes)
1720974130.019913 sending message 112 to peer 0x55b8d8d6b130 (13 bytes)
1720974130.019915 sending message 112 to peer 0x55b8d8d6b130 (13 bytes)
1720974130.019917 sending message 112 to peer 0x55b8d8d6b130 (8 bytes)
1720974130.019920 sending message 112 to peer 0x55b8d8d6b130 (11 bytes)
1720974130.019922 sending message 112 to peer 0x55b8d8d6b130 (11 bytes)
1720974130.019925 sending message 112 to peer 0x55b8d8d6b130 (11 bytes)
1720974130.019927 sending message 112 to peer 0x55b8d8d6b130 (12 bytes)
1720974130.019930 sending message 112 to peer 0x55b8d8d6b130 (12 bytes)
1720974130.019932 sending message 112 to peer 0x55b8d8d6b130 (12 bytes)
1720974130.019934 sending message 112 to peer 0x55b8d8d6b130 (12 bytes)
1720974130.019937 sending message 112 to peer 0x55b8d8d6b130 (13 bytes)
1720974130.019939 sending message 112 to peer 0x55b8d8d6b130 (13 bytes)
1720974130.019942 sending message 112 to peer 0x55b8d8d6b130 (13 bytes)
1720974130.019944 sending message 112 to peer 0x55b8d8d6b130 (8 bytes)
1720974130.019947 sending message 112 to peer 0x55b8d8d6b130 (13 bytes)
1720974130.019949 sending message 112 to peer 0x55b8d8d6b130 (13 bytes)
1720974130.019951 sending message 112 to peer 0x55b8d8d6b130 (13 bytes)
1720974130.019954 sending message 112 to peer 0x55b8d8d6b130 (13 bytes)
1720974130.019956 sending message 112 to peer 0x55b8d8d6b130 (13 bytes)
1720974130.019959 sending message 112 to peer 0x55b8d8d6b130 (12 bytes)
1720974130.019961 sending message 112 to peer 0x55b8d8d6b130 (12 bytes)
1720974130.019963 sending message 112 to peer 0x55b8d8d6b130 (12 bytes)
1720974130.019966 sending message 112 to peer 0x55b8d8d6b130 (12 bytes)
1720974130.019968 sending message 112 to peer 0x55b8d8d6b130 (13 bytes)
1720974130.019971 sending message 112 to peer 0x55b8d8d6b130 (8 bytes)
1720974130.019973 sending message 112 to peer 0x55b8d8d6b130 (13 bytes)
1720974130.019976 sending message 112 to peer 0x55b8d8d6b130 (13 bytes)
1720974130.019978 sending message 112 to peer 0x55b8d8d6b130 (13 bytes)
1720974130.019981 sending message 112 to peer 0x55b8d8d6b130 (13 bytes)
1720974130.019983 sending message 112 to peer 0x55b8d8d6b130 (13 bytes)
1720974130.019985 sending message 112 to peer 0x55b8d8d6b130 (13 bytes)
1720974130.019988 sending message 112 to peer 0x55b8d8d6b130 (13 bytes)
1720974130.019990 sending message 112 to peer 0x55b8d8d6b130 (12 bytes)
1720974130.019993 sending message 112 to peer 0x55b8d8d6b130 (12 bytes)
1720974130.019995 sending message 112 to peer 0x55b8d8d6b130 (12 bytes)
1720974130.019997 sending message 112 to peer 0x55b8d8d6b130 (8 bytes)
1720974130.020000 sending message 112 to peer 0x55b8d8d6b130 (12 bytes)
1720974130.020006 sending message 112 to peer 0x55b8d8d6b130 (13 bytes)
1720974130.020008 sending message 112 to peer 0x55b8d8d6b130 (13 bytes)
1720974130.020011 sending message 112 to peer 0x55b8d8d6b130 (13 bytes)
1720974130.020013 sending message 112 to peer 0x55b8d8d6b130 (13 bytes)
1720974130.020015 sending message 112 to peer 0x55b8d8d6b130 (13 bytes)
1720974130.020018 sending message 112 to peer 0x55b8d8d6b130 (13 bytes)
1720974130.020020 sending message 112 to peer 0x55b8d8d6b130 (13 bytes)
1720974130.020023 sending message 112 to peer 0x55b8d8d6b130 (13 bytes)
1720974130.020025 sending message 112 to peer 0x55b8d8d6b130 (12 bytes)
1720974130.020027 sending message 112 to peer 0x55b8d8d6b130 (10 bytes)
1720974130.020030 sending message 112 to peer 0x55b8d8d6b130 (12 bytes)
1720974130.020032 sending message 112 to peer 0x55b8d8d6b130 (12 bytes)
1720974130.020035 sending message 112 to peer 0x55b8d8d6b130 (12 bytes)
1720974130.020037 sending message 112 to peer 0x55b8d8d6b130 (13 bytes)
1720974130.020040 sending message 112 to peer 0x55b8d8d6b130 (13 bytes)
1720974130.020042 sending message 112 to peer 0x55b8d8d6b130 (13 bytes)
1720974130.020044 sending message 112 to peer 0x55b8d8d6b130 (13 bytes)
1720974130.020047 sending message 112 to peer 0x55b8d8d6b130 (13 bytes)
1720974130.020049 sending message 112 to peer 0x55b8d8d6b130 (13 bytes)
1720974130.020052 sending message 112 to peer 0x55b8d8d6b130 (13 bytes)
1720974130.020054 sending message 112 to peer 0x55b8d8d6b130 (10 bytes)
1720974130.020056 sending message 112 to peer 0x55b8d8d6b130 (13 bytes)
1720974130.020059 sending message 112 to peer 0x55b8d8d6b130 (12 bytes)
1720974130.020061 sending message 112 to peer 0x55b8d8d6b130 (12 bytes)
1720974130.020064 sending message 112 to peer 0x55b8d8d6b130 (12 bytes)
1720974130.020066 sending message 112 to peer 0x55b8d8d6b130 (10 bytes)
1720974130.020068 sending message 112 to peer 0x55b8d8d6b130 (10 bytes)
1720974130.020071 sending message 112 to peer 0x55b8d8d6b130 (10 bytes)
1720974130.020073 sending message 112 to peer 0x55b8d8d6b130 (12 bytes)
1720974130.020076 sending message 112 to peer 0x55b8d8d6b130 (13 bytes)
1720974130.020078 sending message 112 to peer 0x55b8d8d6b130 (13 bytes)
1720974130.020080 sending message 112 to peer 0x55b8d8d6b130 (13 bytes)
1720974130.020083 sending message 112 to peer 0x55b8d8d6b130 (13 bytes)
1720974130.020085 sending message 112 to peer 0x55b8d8d6b130 (13 bytes)
1720974130.020088 sending message 112 to peer 0x55b8d8d6b130 (11 bytes)
1720974130.020090 sending message 112 to peer 0x55b8d8d6b130 (11 bytes)
1720974130.020093 sending message 112 to peer 0x55b8d8d6b130 (12 bytes)
1720974130.020095 sending message 112 to peer 0x55b8d8d6b130 (12 bytes)
1720974130.020097 sending message 112 to peer 0x55b8d8d6b130 (12 bytes)
1720974130.020100 sending message 112 to peer 0x55b8d8d6b130 (12 bytes)
1720974130.020102 sending message 112 to peer 0x55b8d8d6b130 (12 bytes)
1720974130.020105 sending message 112 to peer 0x55b8d8d6b130 (11 bytes)
1720974130.020107 sending message 112 to peer 0x55b8d8d6b130 (12 bytes)
1720974130.020109 sending message 112 to peer 0x55b8d8d6b130 (12 bytes)
1720974130.020112 sending message 112 to peer 0x55b8d8d6b130 (13 bytes)
1720974130.020114 sending message 112 to peer 0x55b8d8d6b130 (13 bytes)
1720974130.020117 sending message 112 to peer 0x55b8d8d6b130 (13 bytes)
1720974130.020119 sending message 112 to peer 0x55b8d8d6b130 (13 bytes)
1720974130.020121 sending message 112 to peer 0x55b8d8d6b130 (13 bytes)
1720974130.020124 sending message 112 to peer 0x55b8d8d6b130 (10 bytes)
1720974130.020126 sending message 112 to peer 0x55b8d8d6b130 (9 bytes)
1720974130.020129 sending message 112 to peer 0x55b8d8d6b130 (12 bytes)
1720974130.020131 sending message 112 to peer 0x55b8d8d6b130 (13 bytes)
1720974130.020134 sending message 112 to peer 0x55b8d8d6b130 (13 bytes)
1720974130.020136 sending message 112 to peer 0x55b8d8d6b130 (13 bytes)
1720974130.020138 sending message 112 to peer 0x55b8d8d6b130 (13 bytes)
1720974130.020141 sending message 112 to peer 0x55b8d8d6b130 (13 bytes)
1720974130.020146 sending message 112 to peer 0x55b8d8d6b130 (9 bytes)
1720974130.020149 sending message 112 to peer 0x55b8d8d6b130 (12 bytes)
1720974130.020151 sending message 112 to peer 0x55b8d8d6b130 (13 bytes)
1720974130.020154 sending message 112 to peer 0x55b8d8d6b130 (13 bytes)
1720974130.020156 sending message 112 to peer 0x55b8d8d6b130 (13 bytes)
1720974130.020159 sending message 112 to peer 0x55b8d8d6b130 (13 bytes)
1720974130.020161 sending message 112 to peer 0x55b8d8d6b130 (13 bytes)
1720974130.020163 sending message 112 to peer 0x55b8d8d6b130 (11 bytes)
1720974130.020166 sending message 112 to peer 0x55b8d8d6b130 (12 bytes)
1720974130.020168 sending message 112 to peer 0x55b8d8d6b130 (13 bytes)
1720974130.020171 sending message 112 to peer 0x55b8d8d6b130 (13 bytes)
1720974130.020173 sending message 112 to peer 0x55b8d8d6b130 (13 bytes)
1720974130.020176 sending message 112 to peer 0x55b8d8d6b130 (13 bytes)
1720974130.020178 sending message 112 to peer 0x55b8d8d6b130 (13 bytes)
1720974130.020180 sending message 112 to peer 0x55b8d8d6b130 (11 bytes)
1720974130.020183 sending message 112 to peer 0x55b8d8d6b130 (12 bytes)
1720974130.020185 sending message 112 to peer 0x55b8d8d6b130 (12 bytes)
1720974130.020188 sending message 112 to peer 0x55b8d8d6b130 (12 bytes)
1720974130.020190 sending message 112 to peer 0x55b8d8d6b130 (12 bytes)
1720974130.020193 sending message 112 to peer 0x55b8d8d6b130 (12 bytes)
1720974130.020195 sending message 112 to peer 0x55b8d8d6b130 (21 bytes)
1720974130.020197 sending message 112 to peer 0x55b8d8d6b130 (12 bytes)
1720974130.020200 sending message 112 to peer 0x55b8d8d6b130 (9 bytes)
1720974130.020202 sending message 112 to peer 0x55b8d8d6b130 (6 bytes)
1720974130.020205 sending message 112 to peer 0x55b8d8d6b130 (13 bytes)
1720974130.020208 sending message 112 to peer 0x55b8d8d6b130 (8 bytes)
1720974130.020210 sending message 112 to peer 0x55b8d8d6b130 (15 bytes)
1720974130.020213 sending message 112 to peer 0x55b8d8d6b130 (13 bytes)
1720974130.020215 sending message 112 to peer 0x55b8d8d6b130 (9 bytes)
1720974130.020218 sending message 112 to peer 0x55b8d8d6b130 (70 bytes)
1720974130.020220 sending message 112 to peer 0x55b8d8d6b130 (69 bytes)
1720974130.020222 sending message 112 to peer 0x55b8d8d6b130 (10 bytes)
1720974130.020225 sending message 112 to peer 0x55b8d8d6b130 (10 bytes)
1720974130.020227 sending message 112 to peer 0x55b8d8d6b130 (8 bytes)
1720974130.020230 sending message 112 to peer 0x55b8d8d6b130 (15 bytes)
1720974130.020232 sending message 112 to peer 0x55b8d8d6b130 (13 bytes)
1720974130.020235 sending message 112 to peer 0x55b8d8d6b130 (10 bytes)
1720974130.020237 sending message 112 to peer 0x55b8d8d6b130 (10 bytes)
1720974130.020240 sending message 112 to peer 0x55b8d8d6b130 (17 bytes)
1720974130.020242 sending message 112 to peer 0x55b8d8d6b130 (10 bytes)
1720974130.020245 sending message 112 to peer 0x55b8d8d6b130 (13 bytes)
1720974130.020247 sending message 112 to peer 0x55b8d8d6b130 (9 bytes)
1720974130.020250 sending message 112 to peer 0x55b8d8d6b130 (5 bytes)
1720974130.020252 sending message 112 to peer 0x55b8d8d6b130 (15 bytes)
1720974130.020255 sending message 104 to peer 0x55b8d8d6b130 (0 bytes)
1720974130.020258 sending message 110 to peer 0x55b8d8d6b130 (0 bytes)
1720974130.020260 sending message 107 to peer 0x55b8d8d6b130 (4 bytes)
1720974130.020263 sending message 105 to peer 0x55b8d8d6b130 (20 bytes)
1720974130.020265 sending message 105 to peer 0x55b8d8d6b130 (26 bytes)
1720974130.020268 sending message 105 to peer 0x55b8d8d6b130 (25 bytes)
1720974130.020270 sending message 105 to peer 0x55b8d8d6b130 (45 bytes)
1720974130.020273 sending message 105 to peer 0x55b8d8d6b130 (20 bytes)
1720974130.020275 sending message 105 to peer 0x55b8d8d6b130 (47 bytes)
1720974130.020278 sending message 105 to peer 0x55b8d8d6b130 (20 bytes)
1720974130.020280 sending message 105 to peer 0x55b8d8d6b130 (47 bytes)
1720974130.020283 sending message 105 to peer 0x55b8d8d6b130 (20 bytes)
1720974130.020285 sending message 105 to peer 0x55b8d8d6b130 (47 bytes)
1720974130.020290 sending message 105 to peer 0x55b8d8d6b130 (20 bytes)
1720974130.020293 sending message 105 to peer 0x55b8d8d6b130 (33 bytes)
1720974130.020295 sending message 105 to peer 0x55b8d8d6b130 (34 bytes)
1720974130.020298 sending message 105 to peer 0x55b8d8d6b130 (15 bytes)
1720974130.020300 sending message 105 to peer 0x55b8d8d6b130 (54 bytes)
1720974130.020303 sending message 105 to peer 0x55b8d8d6b130 (55 bytes)
1720974130.020305 sending message 105 to peer 0x55b8d8d6b130 (22 bytes)
1720974130.020308 sending message 105 to peer 0x55b8d8d6b130 (11 bytes)
1720974130.020310 sending message 105 to peer 0x55b8d8d6b130 (21 bytes)
1720974130.020313 sending message 105 to peer 0x55b8d8d6b130 (17 bytes)
1720974130.020315 sending message 105 to peer 0x55b8d8d6b130 (21 bytes)
1720974130.020318 sending message 105 to peer 0x55b8d8d6b130 (23 bytes)
1720974130.020320 sending message 105 to peer 0x55b8d8d6b130 (86 bytes)
1720974130.020323 sending message 105 to peer 0x55b8d8d6b130 (30 bytes)
1720974130.020325 sending message 105 to peer 0x55b8d8d6b130 (23 bytes)
1720974130.020328 sending message 105 to peer 0x55b8d8d6b130 (15 bytes)
1720974130.020330 sending message 105 to peer 0x55b8d8d6b130 (17 bytes)
1720974130.020333 sending message 105 to peer 0x55b8d8d6b130 (50 bytes)
1720974130.020335 sending message 105 to peer 0x55b8d8d6b130 (43 bytes)
1720974130.020338 sending message 105 to peer 0x55b8d8d6b130 (56 bytes)
1720974130.020340 sending message 105 to peer 0x55b8d8d6b130 (16 bytes)
1720974130.020343 sending message 105 to peer 0x55b8d8d6b130 (124 bytes)
1720974130.020345 sending message 105 to peer 0x55b8d8d6b130 (40 bytes)
1720974130.020348 sending message 105 to peer 0x55b8d8d6b130 (17 bytes)
1720974130.020350 sending message 105 to peer 0x55b8d8d6b130 (60 bytes)
1720974130.020353 sending message 105 to peer 0x55b8d8d6b130 (18 bytes)
1720974130.020355 sending message 105 to peer 0x55b8d8d6b130 (17 bytes)
1720974130.020358 sending message 105 to peer 0x55b8d8d6b130 (35 bytes)
1720974130.020360 sending message 105 to peer 0x55b8d8d6b130 (14 bytes)
1720974130.020363 sending message 105 to peer 0x55b8d8d6b130 (1823 bytes)
1720974130.020373 sending message 105 to peer 0x55b8d8d6b130 (27 bytes)
1720974130.020375 sending message 105 to peer 0x55b8d8d6b130 (172 bytes)
1720974130.020378 sending message 105 to peer 0x55b8d8d6b130 (42 bytes)
1720974130.020381 sending message 105 to peer 0x55b8d8d6b130 (144 bytes)
1720974130.020383 sending message 105 to peer 0x55b8d8d6b130 (51 bytes)
1720974130.020386 sending message 105 to peer 0x55b8d8d6b130 (42 bytes)
1720974130.020388 sending message 105 to peer 0x55b8d8d6b130 (34 bytes)
1720974130.020391 sending message 105 to peer 0x55b8d8d6b130 (48 bytes)
1720974130.020393 sending message 105 to peer 0x55b8d8d6b130 (51 bytes)
1720974130.020395 sending message 105 to peer 0x55b8d8d6b130 (16 bytes)
1720974130.020398 sending message 105 to peer 0x55b8d8d6b130 (25 bytes)
1720974130.020400 sending message 105 to peer 0x55b8d8d6b130 (60 bytes)
1720974130.020403 sending message 105 to peer 0x55b8d8d6b130 (19 bytes)
1720974130.020405 sending message 105 to peer 0x55b8d8d6b130 (420 bytes)
1720974130.020408 sending message 105 to peer 0x55b8d8d6b130 (16 bytes)
1720974130.020410 sending message 105 to peer 0x55b8d8d6b130 (16 bytes)
1720974130.020413 sending message 105 to peer 0x55b8d8d6b130 (21 bytes)
1720974130.020415 sending message 105 to peer 0x55b8d8d6b130 (23 bytes)
1720974130.020418 sending message 105 to peer 0x55b8d8d6b130 (76 bytes)
1720974130.020420 sending message 105 to peer 0x55b8d8d6b130 (29 bytes)
1720974130.020423 sending message 105 to peer 0x55b8d8d6b130 (29 bytes)
1720974130.020425 sending message 105 to peer 0x55b8d8d6b130 (18 bytes)
1720974130.020427 sending message 105 to peer 0x55b8d8d6b130 (78 bytes)
1720974130.020430 sending message 105 to peer 0x55b8d8d6b130 (15 bytes)
1720974130.020432 sending message 105 to peer 0x55b8d8d6b130 (8 bytes)
1720974130.020435 sending message 105 to peer 0x55b8d8d6b130 (41 bytes)
1720974130.020437 sending message 105 to peer 0x55b8d8d6b130 (22 bytes)
1720974130.020443 sending message 105 to peer 0x55b8d8d6b130 (19 bytes)
1720974130.020445 sending message 105 to peer 0x55b8d8d6b130 (35 bytes)
1720974130.020448 sending message 105 to peer 0x55b8d8d6b130 (18 bytes)
1720974130.020450 sending message 105 to peer 0x55b8d8d6b130 (25 bytes)
1720974130.020452 sending message 105 to peer 0x55b8d8d6b130 (37 bytes)
1720974130.020455 sending message 105 to peer 0x55b8d8d6b130 (13 bytes)
1720974130.020457 sending message 105 to peer 0x55b8d8d6b130 (11 bytes)
1720974130.020460 sending message 105 to peer 0x55b8d8d6b130 (15 bytes)
1720974130.020462 sending message 105 to peer 0x55b8d8d6b130 (17 bytes)
1720974130.020465 sending message 105 to peer 0x55b8d8d6b130 (26 bytes)
1720974130.020467 sending message 105 to peer 0x55b8d8d6b130 (54 bytes)
1720974130.020470 sending message 105 to peer 0x55b8d8d6b130 (26 bytes)
1720974130.020472 sending message 105 to peer 0x55b8d8d6b130 (122 bytes)
1720974130.020474 sending message 105 to peer 0x55b8d8d6b130 (23 bytes)
1720974130.020477 sending message 105 to peer 0x55b8d8d6b130 (31 bytes)
1720974130.020479 sending message 105 to peer 0x55b8d8d6b130 (23 bytes)
1720974130.020482 sending message 105 to peer 0x55b8d8d6b130 (26 bytes)
1720974130.020484 sending message 105 to peer 0x55b8d8d6b130 (25 bytes)
1720974130.020487 sending message 105 to peer 0x55b8d8d6b130 (20 bytes)
1720974130.020489 sending message 105 to peer 0x55b8d8d6b130 (21 bytes)
1720974130.020491 sending message 105 to peer 0x55b8d8d6b130 (44 bytes)
1720974130.020494 sending message 105 to peer 0x55b8d8d6b130 (39 bytes)
1720974130.020496 sending message 105 to peer 0x55b8d8d6b130 (16 bytes)
1720974130.020499 sending message 105 to peer 0x55b8d8d6b130 (11 bytes)
1720974130.020501 sending message 105 to peer 0x55b8d8d6b130 (7 bytes)
1720974130.020504 sending message 105 to peer 0x55b8d8d6b130 (47 bytes)
1720974130.020506 sending message 105 to peer 0x55b8d8d6b130 (20 bytes)
1720974130.020509 sending message 106 to peer 0x55b8d8d6b130 (0 bytes)
1720974130.020649 sending message 200 to peer 0x55b8d8d6b130 (4 bytes)
1720974130.020654 client loop enter
1720974130.020916 peer 0x55b8d8d6b130 message 303
1720974130.020923 open write file 2 -
1720974130.020929 sending message 305 to peer 0x55b8d8d6b130 (8 bytes)
1720974130.020942 write check file 2
1720974130.020979 peer 0x55b8d8d6b130 message 304
1720974130.020982 write 58 to file 2
1720974130.020985 peer 0x55b8d8d6b130 message 203
1720974130.020987 file 2 58 bytes left
1720974130.020998 write check file 2
1720974130.021000 client loop exit
